<?xml version="1.0" encoding="UTF-8"?>
<!-- Generated by org.testng.reporters.JUnitReportReporter -->
<testsuite hostname="DESKTOP-VF8271D" failures="0" tests="1" name="com.hrms.TasteScripts.TC001" time="67.098" errors="0" timestamp="26 Jun 2021 05:37:48 GMT">
  <testcase classname="com.hrms.TasteScripts.TC001" name="tc001" time="67.098"/>
</testsuite> <!-- com.hrms.TasteScripts.TC001 -->
